<?xml version="1.0" encoding="UTF-8"?>
<!-- Generated by org.testng.reporters.JUnitReportReporter -->
<testsuite hostname="Sachin-Laptop" failures="0" tests="6" name="testcases.LibraryAPI" time="4.558" errors="0" timestamp="2024-05-14T21:00:02 CEST" skipped="0">
  <testcase classname="testcases.LibraryAPI" name="addBook" time="0.508"/>
  <testcase classname="testcases.LibraryAPI" name="addBook" time="2.144"/>
  <testcase classname="testcases.LibraryAPI" name="addBook" time="0.473"/>
  <testcase classname="testcases.LibraryAPI" name="deleteBook" time="0.482"/>
  <testcase classname="testcases.LibraryAPI" name="deleteBook" time="0.476"/>
  <testcase classname="testcases.LibraryAPI" name="deleteBook" time="0.475"/>
</testsuite> <!-- testcases.LibraryAPI -->
